[2023/03/01 07:43:57] ppocr INFO: Architecture : 
[2023/03/01 07:43:57] ppocr INFO:     Models : 
[2023/03/01 07:43:57] ppocr INFO:         Student : 
[2023/03/01 07:43:57] ppocr INFO:             Backbone : 
[2023/03/01 07:43:57] ppocr INFO:                 checkpoints : None
[2023/03/01 07:43:57] ppocr INFO:                 name : MiniLayoutXLMForSer
[2023/03/01 07:43:57] ppocr INFO:                 num_classes : 61
[2023/03/01 07:43:57] ppocr INFO:             Transform : None
[2023/03/01 07:43:57] ppocr INFO:             algorithm : LayoutXLM
[2023/03/01 07:43:57] ppocr INFO:             freeze_params : False
[2023/03/01 07:43:57] ppocr INFO:             model_type : kie
[2023/03/01 07:43:57] ppocr INFO:             pretrained : None
[2023/03/01 07:43:57] ppocr INFO:             return_all_feats : True
[2023/03/01 07:43:57] ppocr INFO:         Teacher : 
[2023/03/01 07:43:57] ppocr INFO:             Backbone : 
[2023/03/01 07:43:57] ppocr INFO:                 checkpoints : None
[2023/03/01 07:43:57] ppocr INFO:                 mode : vi
[2023/03/01 07:43:57] ppocr INFO:                 name : LayoutXLMForSer
[2023/03/01 07:43:57] ppocr INFO:                 num_classes : 61
[2023/03/01 07:43:57] ppocr INFO:                 pretrained : True
[2023/03/01 07:43:57] ppocr INFO:             Transform : None
[2023/03/01 07:43:57] ppocr INFO:             algorithm : LayoutXLM
[2023/03/01 07:43:57] ppocr INFO:             freeze_params : True
[2023/03/01 07:43:57] ppocr INFO:             model_type : kie
[2023/03/01 07:43:57] ppocr INFO:             pretrained : None
[2023/03/01 07:43:57] ppocr INFO:             return_all_feats : True
[2023/03/01 07:43:57] ppocr INFO:     algorithm : Distillation
[2023/03/01 07:43:57] ppocr INFO:     model_type : kie
[2023/03/01 07:43:57] ppocr INFO:     name : DistillationModel
[2023/03/01 07:43:57] ppocr INFO: Eval : 
[2023/03/01 07:43:57] ppocr INFO:     dataset : 
[2023/03/01 07:43:57] ppocr INFO:         data_dir : ./data/dev/image
[2023/03/01 07:43:57] ppocr INFO:         label_file_list : ['./data/dev.txt']
[2023/03/01 07:43:57] ppocr INFO:         name : SimpleDataSet
[2023/03/01 07:43:57] ppocr INFO:         transforms : 
[2023/03/01 07:43:57] ppocr INFO:             DecodeImage : 
[2023/03/01 07:43:57] ppocr INFO:                 channel_first : False
[2023/03/01 07:43:57] ppocr INFO:                 img_mode : RGB
[2023/03/01 07:43:57] ppocr INFO:             VQATokenLabelEncode : 
[2023/03/01 07:43:57] ppocr INFO:                 algorithm : LayoutXLM
[2023/03/01 07:43:57] ppocr INFO:                 class_path : ./data/labels.txt
[2023/03/01 07:43:57] ppocr INFO:                 contains_re : False
[2023/03/01 07:43:57] ppocr INFO:                 order_method : tb-yx
[2023/03/01 07:43:57] ppocr INFO:                 use_textline_bbox_info : True
[2023/03/01 07:43:57] ppocr INFO:             VQATokenPad : 
[2023/03/01 07:43:57] ppocr INFO:                 max_seq_len : 512
[2023/03/01 07:43:57] ppocr INFO:                 return_attention_mask : True
[2023/03/01 07:43:57] ppocr INFO:             VQASerTokenChunk : 
[2023/03/01 07:43:57] ppocr INFO:                 max_seq_len : 512
[2023/03/01 07:43:57] ppocr INFO:             Resize : 
[2023/03/01 07:43:57] ppocr INFO:                 size : [224, 224]
[2023/03/01 07:43:57] ppocr INFO:             NormalizeImage : 
[2023/03/01 07:43:57] ppocr INFO:                 mean : [123.675, 116.28, 103.53]
[2023/03/01 07:43:57] ppocr INFO:                 order : hwc
[2023/03/01 07:43:57] ppocr INFO:                 scale : 1
[2023/03/01 07:43:57] ppocr INFO:                 std : [58.395, 57.12, 57.375]
[2023/03/01 07:43:57] ppocr INFO:             ToCHWImage : None
[2023/03/01 07:43:57] ppocr INFO:             KeepKeys : 
[2023/03/01 07:43:57] ppocr INFO:                 keep_keys : ['input_ids', 'bbox', 'attention_mask', 'token_type_ids', 'image', 'labels']
[2023/03/01 07:43:57] ppocr INFO:     loader : 
[2023/03/01 07:43:57] ppocr INFO:         batch_size_per_card : 8
[2023/03/01 07:43:57] ppocr INFO:         drop_last : False
[2023/03/01 07:43:57] ppocr INFO:         num_workers : 4
[2023/03/01 07:43:57] ppocr INFO:         shuffle : False
[2023/03/01 07:43:57] ppocr INFO: Global : 
[2023/03/01 07:43:57] ppocr INFO:     cal_metric_during_train : False
[2023/03/01 07:43:57] ppocr INFO:     distributed : False
[2023/03/01 07:43:57] ppocr INFO:     epoch_num : 200
[2023/03/01 07:43:57] ppocr INFO:     eval_batch_step : [0, 19]
[2023/03/01 07:43:57] ppocr INFO:     kie_det_model_dir : None
[2023/03/01 07:43:57] ppocr INFO:     kie_rec_model_dir : None
[2023/03/01 07:43:57] ppocr INFO:     log_smooth_window : 10
[2023/03/01 07:43:57] ppocr INFO:     print_batch_step : 10
[2023/03/01 07:43:57] ppocr INFO:     save_epoch_step : 2000
[2023/03/01 07:43:57] ppocr INFO:     save_inference_dir : ./output/kd_mini_ser_vi_layoutxlm/infer
[2023/03/01 07:43:57] ppocr INFO:     save_model_dir : ./output/kd_mini_ser_vi_layoutxlm
[2023/03/01 07:43:57] ppocr INFO:     save_res_path : ./mz/output/kd_mini_ser_vi_layoutxlm/res
[2023/03/01 07:43:57] ppocr INFO:     seed : 2022
[2023/03/01 07:43:57] ppocr INFO:     use_gpu : True
[2023/03/01 07:43:57] ppocr INFO:     use_visualdl : False
[2023/03/01 07:43:57] ppocr INFO: Loss : 
[2023/03/01 07:43:57] ppocr INFO:     loss_config_list : 
[2023/03/01 07:43:57] ppocr INFO:         DistillationVQASerTokenLayoutLMLoss : 
[2023/03/01 07:43:57] ppocr INFO:             key : backbone_out
[2023/03/01 07:43:57] ppocr INFO:             model_name_list : ['Student', 'Teacher']
[2023/03/01 07:43:57] ppocr INFO:             num_classes : 61
[2023/03/01 07:43:57] ppocr INFO:             weight : 1.0
[2023/03/01 07:43:57] ppocr INFO:         DistillationSERDMLLoss : 
[2023/03/01 07:43:57] ppocr INFO:             act : softmax
[2023/03/01 07:43:57] ppocr INFO:             key : backbone_out
[2023/03/01 07:43:57] ppocr INFO:             model_name_pairs : [['Student', 'Teacher']]
[2023/03/01 07:43:57] ppocr INFO:             use_log : True
[2023/03/01 07:43:57] ppocr INFO:             weight : 1.0
[2023/03/01 07:43:57] ppocr INFO:         DistillationVQADistanceLoss : 
[2023/03/01 07:43:57] ppocr INFO:             key : hidden_states_5
[2023/03/01 07:43:57] ppocr INFO:             mode : l2
[2023/03/01 07:43:57] ppocr INFO:             model_name_pairs : [['Student', 'Teacher']]
[2023/03/01 07:43:57] ppocr INFO:             name : loss_5
[2023/03/01 07:43:57] ppocr INFO:             weight : 0.5
[2023/03/01 07:43:57] ppocr INFO:         DistillationVQADistanceLoss : 
[2023/03/01 07:43:57] ppocr INFO:             key : hidden_states_8
[2023/03/01 07:43:57] ppocr INFO:             mode : l2
[2023/03/01 07:43:57] ppocr INFO:             model_name_pairs : [['Student', 'Teacher']]
[2023/03/01 07:43:57] ppocr INFO:             name : loss_8
[2023/03/01 07:43:57] ppocr INFO:             weight : 0.5
[2023/03/01 07:43:57] ppocr INFO:     name : CombinedLoss
[2023/03/01 07:43:57] ppocr INFO: Metric : 
[2023/03/01 07:43:57] ppocr INFO:     main_indicator : hmean
[2023/03/01 07:43:57] ppocr INFO:     name : VQASerTokenMetric
[2023/03/01 07:43:57] ppocr INFO: Optimizer : 
[2023/03/01 07:43:57] ppocr INFO:     beta1 : 0.9
[2023/03/01 07:43:57] ppocr INFO:     beta2 : 0.999
[2023/03/01 07:43:57] ppocr INFO:     lr : 
[2023/03/01 07:43:57] ppocr INFO:         epochs : 200
[2023/03/01 07:43:57] ppocr INFO:         learning_rate : 5e-05
[2023/03/01 07:43:57] ppocr INFO:         name : Linear
[2023/03/01 07:43:57] ppocr INFO:         warmup_epoch : 2
[2023/03/01 07:43:57] ppocr INFO:     name : AdamW
[2023/03/01 07:43:57] ppocr INFO:     regularizer : 
[2023/03/01 07:43:57] ppocr INFO:         factor : 0.0
[2023/03/01 07:43:57] ppocr INFO:         name : L2
[2023/03/01 07:43:57] ppocr INFO: PostProcess : 
[2023/03/01 07:43:57] ppocr INFO:     class_path : ./data/labels.txt
[2023/03/01 07:43:57] ppocr INFO:     name : VQASerTokenLayoutLMPostProcess
[2023/03/01 07:43:57] ppocr INFO: Train : 
[2023/03/01 07:43:57] ppocr INFO:     dataset : 
[2023/03/01 07:43:57] ppocr INFO:         data_dir : ./data/train/image
[2023/03/01 07:43:57] ppocr INFO:         label_file_list : ['./data/train.txt']
[2023/03/01 07:43:57] ppocr INFO:         name : SimpleDataSet
[2023/03/01 07:43:57] ppocr INFO:         ratio_list : [1.0]
[2023/03/01 07:43:57] ppocr INFO:         transforms : 
[2023/03/01 07:43:57] ppocr INFO:             DecodeImage : 
[2023/03/01 07:43:57] ppocr INFO:                 channel_first : False
[2023/03/01 07:43:57] ppocr INFO:                 img_mode : RGB
[2023/03/01 07:43:57] ppocr INFO:             VQATokenLabelEncode : 
[2023/03/01 07:43:57] ppocr INFO:                 algorithm : LayoutXLM
[2023/03/01 07:43:57] ppocr INFO:                 class_path : ./data/labels.txt
[2023/03/01 07:43:57] ppocr INFO:                 contains_re : False
[2023/03/01 07:43:57] ppocr INFO:                 order_method : tb-yx
[2023/03/01 07:43:57] ppocr INFO:                 use_textline_bbox_info : True
[2023/03/01 07:43:57] ppocr INFO:             VQATokenPad : 
[2023/03/01 07:43:57] ppocr INFO:                 max_seq_len : 512
[2023/03/01 07:43:57] ppocr INFO:                 return_attention_mask : True
[2023/03/01 07:43:57] ppocr INFO:             VQASerTokenChunk : 
[2023/03/01 07:43:57] ppocr INFO:                 max_seq_len : 512
[2023/03/01 07:43:57] ppocr INFO:             Resize : 
[2023/03/01 07:43:57] ppocr INFO:                 size : [224, 224]
[2023/03/01 07:43:57] ppocr INFO:             NormalizeImage : 
[2023/03/01 07:43:57] ppocr INFO:                 mean : [123.675, 116.28, 103.53]
[2023/03/01 07:43:57] ppocr INFO:                 order : hwc
[2023/03/01 07:43:57] ppocr INFO:                 scale : 1
[2023/03/01 07:43:57] ppocr INFO:                 std : [58.395, 57.12, 57.375]
[2023/03/01 07:43:57] ppocr INFO:             ToCHWImage : None
[2023/03/01 07:43:57] ppocr INFO:             KeepKeys : 
[2023/03/01 07:43:57] ppocr INFO:                 keep_keys : ['input_ids', 'bbox', 'attention_mask', 'token_type_ids', 'image', 'labels']
[2023/03/01 07:43:57] ppocr INFO:     loader : 
[2023/03/01 07:43:57] ppocr INFO:         batch_size_per_card : 8
[2023/03/01 07:43:57] ppocr INFO:         drop_last : False
[2023/03/01 07:43:57] ppocr INFO:         num_workers : 4
[2023/03/01 07:43:57] ppocr INFO:         shuffle : True
[2023/03/01 07:43:57] ppocr INFO: profiler_options : None
[2023/03/01 07:43:57] ppocr INFO: train with paddle 2.3.1 and device Place(gpu:0)
[2023/03/01 07:43:57] ppocr INFO: Initialize indexs of datasets:['./data/train.txt']
[2023/03/01 07:44:05] ppocr INFO: Initialize indexs of datasets:['./data/dev.txt']
[2023/03/01 07:44:27] ppocr INFO: train dataloader has 100 iters
[2023/03/01 07:44:27] ppocr INFO: valid dataloader has 13 iters
[2023/03/01 07:44:27] ppocr INFO: During the training process, after the 0th iteration, an evaluation is run every 19 iterations
[2023/03/01 07:45:23] ppocr INFO: Architecture : 
[2023/03/01 07:45:23] ppocr INFO:     Models : 
[2023/03/01 07:45:23] ppocr INFO:         Student : 
[2023/03/01 07:45:23] ppocr INFO:             Backbone : 
[2023/03/01 07:45:23] ppocr INFO:                 checkpoints : None
[2023/03/01 07:45:23] ppocr INFO:                 name : MiniLayoutXLMForSer
[2023/03/01 07:45:23] ppocr INFO:                 num_classes : 61
[2023/03/01 07:45:23] ppocr INFO:             Transform : None
[2023/03/01 07:45:23] ppocr INFO:             algorithm : LayoutXLM
[2023/03/01 07:45:23] ppocr INFO:             freeze_params : False
[2023/03/01 07:45:23] ppocr INFO:             model_type : kie
[2023/03/01 07:45:23] ppocr INFO:             pretrained : None
[2023/03/01 07:45:23] ppocr INFO:             return_all_feats : True
[2023/03/01 07:45:23] ppocr INFO:         Teacher : 
[2023/03/01 07:45:23] ppocr INFO:             Backbone : 
[2023/03/01 07:45:23] ppocr INFO:                 checkpoints : None
[2023/03/01 07:45:23] ppocr INFO:                 mode : vi
[2023/03/01 07:45:23] ppocr INFO:                 name : LayoutXLMForSer
[2023/03/01 07:45:23] ppocr INFO:                 num_classes : 61
[2023/03/01 07:45:23] ppocr INFO:                 pretrained : True
[2023/03/01 07:45:23] ppocr INFO:             Transform : None
[2023/03/01 07:45:23] ppocr INFO:             algorithm : LayoutXLM
[2023/03/01 07:45:23] ppocr INFO:             freeze_params : True
[2023/03/01 07:45:23] ppocr INFO:             model_type : kie
[2023/03/01 07:45:23] ppocr INFO:             pretrained : None
[2023/03/01 07:45:23] ppocr INFO:             return_all_feats : True
[2023/03/01 07:45:23] ppocr INFO:     algorithm : Distillation
[2023/03/01 07:45:23] ppocr INFO:     model_type : kie
[2023/03/01 07:45:23] ppocr INFO:     name : DistillationModel
[2023/03/01 07:45:23] ppocr INFO: Eval : 
[2023/03/01 07:45:23] ppocr INFO:     dataset : 
[2023/03/01 07:45:23] ppocr INFO:         data_dir : ./data/dev/image
[2023/03/01 07:45:23] ppocr INFO:         label_file_list : ['./data/dev.txt']
[2023/03/01 07:45:23] ppocr INFO:         name : SimpleDataSet
[2023/03/01 07:45:23] ppocr INFO:         transforms : 
[2023/03/01 07:45:23] ppocr INFO:             DecodeImage : 
[2023/03/01 07:45:23] ppocr INFO:                 channel_first : False
[2023/03/01 07:45:23] ppocr INFO:                 img_mode : RGB
[2023/03/01 07:45:23] ppocr INFO:             VQATokenLabelEncode : 
[2023/03/01 07:45:23] ppocr INFO:                 algorithm : LayoutXLM
[2023/03/01 07:45:23] ppocr INFO:                 class_path : ./data/labels.txt
[2023/03/01 07:45:23] ppocr INFO:                 contains_re : False
[2023/03/01 07:45:23] ppocr INFO:                 order_method : tb-yx
[2023/03/01 07:45:23] ppocr INFO:                 use_textline_bbox_info : True
[2023/03/01 07:45:23] ppocr INFO:             VQATokenPad : 
[2023/03/01 07:45:23] ppocr INFO:                 max_seq_len : 512
[2023/03/01 07:45:23] ppocr INFO:                 return_attention_mask : True
[2023/03/01 07:45:23] ppocr INFO:             VQASerTokenChunk : 
[2023/03/01 07:45:23] ppocr INFO:                 max_seq_len : 512
[2023/03/01 07:45:23] ppocr INFO:             Resize : 
[2023/03/01 07:45:23] ppocr INFO:                 size : [224, 224]
[2023/03/01 07:45:23] ppocr INFO:             NormalizeImage : 
[2023/03/01 07:45:23] ppocr INFO:                 mean : [123.675, 116.28, 103.53]
[2023/03/01 07:45:23] ppocr INFO:                 order : hwc
[2023/03/01 07:45:23] ppocr INFO:                 scale : 1
[2023/03/01 07:45:23] ppocr INFO:                 std : [58.395, 57.12, 57.375]
[2023/03/01 07:45:23] ppocr INFO:             ToCHWImage : None
[2023/03/01 07:45:23] ppocr INFO:             KeepKeys : 
[2023/03/01 07:45:23] ppocr INFO:                 keep_keys : ['input_ids', 'bbox', 'attention_mask', 'token_type_ids', 'image', 'labels']
[2023/03/01 07:45:23] ppocr INFO:     loader : 
[2023/03/01 07:45:23] ppocr INFO:         batch_size_per_card : 8
[2023/03/01 07:45:23] ppocr INFO:         drop_last : False
[2023/03/01 07:45:23] ppocr INFO:         num_workers : 4
[2023/03/01 07:45:23] ppocr INFO:         shuffle : False
[2023/03/01 07:45:23] ppocr INFO: Global : 
[2023/03/01 07:45:23] ppocr INFO:     cal_metric_during_train : False
[2023/03/01 07:45:23] ppocr INFO:     distributed : False
[2023/03/01 07:45:23] ppocr INFO:     epoch_num : 200
[2023/03/01 07:45:23] ppocr INFO:     eval_batch_step : [0, 19]
[2023/03/01 07:45:23] ppocr INFO:     kie_det_model_dir : None
[2023/03/01 07:45:23] ppocr INFO:     kie_rec_model_dir : None
[2023/03/01 07:45:23] ppocr INFO:     log_smooth_window : 10
[2023/03/01 07:45:23] ppocr INFO:     print_batch_step : 10
[2023/03/01 07:45:23] ppocr INFO:     save_epoch_step : 2000
[2023/03/01 07:45:23] ppocr INFO:     save_inference_dir : ./output/kd_mini_ser_vi_layoutxlm/infer
[2023/03/01 07:45:23] ppocr INFO:     save_model_dir : ./output/kd_mini_ser_vi_layoutxlm
[2023/03/01 07:45:23] ppocr INFO:     save_res_path : ./mz/output/kd_mini_ser_vi_layoutxlm/res
[2023/03/01 07:45:23] ppocr INFO:     seed : 2022
[2023/03/01 07:45:23] ppocr INFO:     use_gpu : True
[2023/03/01 07:45:23] ppocr INFO:     use_visualdl : False
[2023/03/01 07:45:23] ppocr INFO: Loss : 
[2023/03/01 07:45:23] ppocr INFO:     loss_config_list : 
[2023/03/01 07:45:23] ppocr INFO:         DistillationVQASerTokenLayoutLMLoss : 
[2023/03/01 07:45:23] ppocr INFO:             key : backbone_out
[2023/03/01 07:45:23] ppocr INFO:             model_name_list : ['Student', 'Teacher']
[2023/03/01 07:45:23] ppocr INFO:             num_classes : 61
[2023/03/01 07:45:23] ppocr INFO:             weight : 1.0
[2023/03/01 07:45:23] ppocr INFO:         DistillationSERDMLLoss : 
[2023/03/01 07:45:23] ppocr INFO:             act : softmax
[2023/03/01 07:45:23] ppocr INFO:             key : backbone_out
[2023/03/01 07:45:23] ppocr INFO:             model_name_pairs : [['Student', 'Teacher']]
[2023/03/01 07:45:23] ppocr INFO:             use_log : True
[2023/03/01 07:45:23] ppocr INFO:             weight : 1.0
[2023/03/01 07:45:23] ppocr INFO:     name : CombinedLoss
[2023/03/01 07:45:23] ppocr INFO: Metric : 
[2023/03/01 07:45:23] ppocr INFO:     main_indicator : hmean
[2023/03/01 07:45:23] ppocr INFO:     name : VQASerTokenMetric
[2023/03/01 07:45:23] ppocr INFO: Optimizer : 
[2023/03/01 07:45:23] ppocr INFO:     beta1 : 0.9
[2023/03/01 07:45:23] ppocr INFO:     beta2 : 0.999
[2023/03/01 07:45:23] ppocr INFO:     lr : 
[2023/03/01 07:45:23] ppocr INFO:         epochs : 200
[2023/03/01 07:45:23] ppocr INFO:         learning_rate : 5e-05
[2023/03/01 07:45:23] ppocr INFO:         name : Linear
[2023/03/01 07:45:23] ppocr INFO:         warmup_epoch : 2
[2023/03/01 07:45:23] ppocr INFO:     name : AdamW
[2023/03/01 07:45:23] ppocr INFO:     regularizer : 
[2023/03/01 07:45:23] ppocr INFO:         factor : 0.0
[2023/03/01 07:45:23] ppocr INFO:         name : L2
[2023/03/01 07:45:23] ppocr INFO: PostProcess : 
[2023/03/01 07:45:23] ppocr INFO:     class_path : ./data/labels.txt
[2023/03/01 07:45:23] ppocr INFO:     name : VQASerTokenLayoutLMPostProcess
[2023/03/01 07:45:23] ppocr INFO: Train : 
[2023/03/01 07:45:23] ppocr INFO:     dataset : 
[2023/03/01 07:45:23] ppocr INFO:         data_dir : ./data/train/image
[2023/03/01 07:45:23] ppocr INFO:         label_file_list : ['./data/train.txt']
[2023/03/01 07:45:23] ppocr INFO:         name : SimpleDataSet
[2023/03/01 07:45:23] ppocr INFO:         ratio_list : [1.0]
[2023/03/01 07:45:23] ppocr INFO:         transforms : 
[2023/03/01 07:45:23] ppocr INFO:             DecodeImage : 
[2023/03/01 07:45:23] ppocr INFO:                 channel_first : False
[2023/03/01 07:45:23] ppocr INFO:                 img_mode : RGB
[2023/03/01 07:45:23] ppocr INFO:             VQATokenLabelEncode : 
[2023/03/01 07:45:23] ppocr INFO:                 algorithm : LayoutXLM
[2023/03/01 07:45:23] ppocr INFO:                 class_path : ./data/labels.txt
[2023/03/01 07:45:23] ppocr INFO:                 contains_re : False
[2023/03/01 07:45:23] ppocr INFO:                 order_method : tb-yx
[2023/03/01 07:45:23] ppocr INFO:                 use_textline_bbox_info : True
[2023/03/01 07:45:23] ppocr INFO:             VQATokenPad : 
[2023/03/01 07:45:23] ppocr INFO:                 max_seq_len : 512
[2023/03/01 07:45:23] ppocr INFO:                 return_attention_mask : True
[2023/03/01 07:45:23] ppocr INFO:             VQASerTokenChunk : 
[2023/03/01 07:45:23] ppocr INFO:                 max_seq_len : 512
[2023/03/01 07:45:23] ppocr INFO:             Resize : 
[2023/03/01 07:45:23] ppocr INFO:                 size : [224, 224]
[2023/03/01 07:45:23] ppocr INFO:             NormalizeImage : 
[2023/03/01 07:45:23] ppocr INFO:                 mean : [123.675, 116.28, 103.53]
[2023/03/01 07:45:23] ppocr INFO:                 order : hwc
[2023/03/01 07:45:23] ppocr INFO:                 scale : 1
[2023/03/01 07:45:23] ppocr INFO:                 std : [58.395, 57.12, 57.375]
[2023/03/01 07:45:23] ppocr INFO:             ToCHWImage : None
[2023/03/01 07:45:23] ppocr INFO:             KeepKeys : 
[2023/03/01 07:45:23] ppocr INFO:                 keep_keys : ['input_ids', 'bbox', 'attention_mask', 'token_type_ids', 'image', 'labels']
[2023/03/01 07:45:23] ppocr INFO:     loader : 
[2023/03/01 07:45:23] ppocr INFO:         batch_size_per_card : 8
[2023/03/01 07:45:23] ppocr INFO:         drop_last : False
[2023/03/01 07:45:23] ppocr INFO:         num_workers : 4
[2023/03/01 07:45:23] ppocr INFO:         shuffle : True
[2023/03/01 07:45:23] ppocr INFO: profiler_options : None
[2023/03/01 07:45:23] ppocr INFO: train with paddle 2.3.1 and device Place(gpu:0)
[2023/03/01 07:45:23] ppocr INFO: Initialize indexs of datasets:['./data/train.txt']
[2023/03/01 07:45:29] ppocr INFO: Initialize indexs of datasets:['./data/dev.txt']
[2023/03/01 07:45:45] ppocr INFO: train dataloader has 100 iters
[2023/03/01 07:45:45] ppocr INFO: valid dataloader has 13 iters
[2023/03/01 07:45:45] ppocr INFO: During the training process, after the 0th iteration, an evaluation is run every 19 iterations
